<?xml version="1.0" encoding="UTF-8"?>
<testsuite xmlns:xsi="http://www.w3.org/2001/XMLSchema-instance" xsi:noNamespaceSchemaLocation="https://maven.apache.org/surefire/maven-surefire-plugin/xsd/surefire-test-report.xsd" version="3.0.2" name="testRunner.TestRunner" time="63.26" tests="6" errors="0" skipped="0" failures="2">
  <properties>
[...]
</properties>
  <testcase name="Login Data Driven Excel #1" classname="Login Data Driven with Excel" time="5.82">
    <system-out><![CDATA[
Scenario Outline: Login Data Driven Excel                                                                   # Features/LoginDDTExcel.feature:9
  Given the user navigates to login page                                                                    # stepDefinitions.LoginSteps.user_navigate_to_login_page()
target page: true
  Then the user should be redirected to the MyAccount Page by passing email and password with excel row "1" # stepDefinitions.LoginSteps.check_user_navigates_to_my_account_page_by_passing_email_and_password_with_excel_data(java.lang.String)
]]></system-out>
  </testcase>
  <testcase name="Login Data Driven Excel #2" classname="Login Data Driven with Excel" time="13.979">
    <system-out><![CDATA[
Scenario Outline: Login Data Driven Excel                                                                   # Features/LoginDDTExcel.feature:10
  Given the user navigates to login page                                                                    # stepDefinitions.LoginSteps.user_navigate_to_login_page()
target page: false
  Then the user should be redirected to the MyAccount Page by passing email and password with excel row "2" # stepDefinitions.LoginSteps.check_user_navigates_to_my_account_page_by_passing_email_and_password_with_excel_data(java.lang.String)
]]></system-out>
  </testcase>
  <testcase name="Login Data Driven Excel #3" classname="Login Data Driven with Excel" time="4.895">
    <failure type="java.lang.AssertionError"><![CDATA[java.lang.AssertionError
	at org.junit.Assert.fail(Assert.java:87)
	at org.junit.Assert.fail(Assert.java:96)
	at stepDefinitions.LoginSteps.check_user_navigates_to_my_account_page_by_passing_email_and_password_with_excel_data(LoginSteps.java:113)
	at ✽.the user should be redirected to the MyAccount Page by passing email and password with excel row "3"(file:///D:/projects/opencart_cucumber/./Features/LoginDDTExcel.feature:5)
]]></failure>
    <system-out><![CDATA[
Scenario Outline: Login Data Driven Excel                                                                   # Features/LoginDDTExcel.feature:11
  Given the user navigates to login page                                                                    # stepDefinitions.LoginSteps.user_navigate_to_login_page()
target page: true
  Then the user should be redirected to the MyAccount Page by passing email and password with excel row "3" # stepDefinitions.LoginSteps.check_user_navigates_to_my_account_page_by_passing_email_and_password_with_excel_data(java.lang.String)
      java.lang.AssertionError
	at org.junit.Assert.fail(Assert.java:87)
	at org.junit.Assert.fail(Assert.java:96)
	at stepDefinitions.LoginSteps.check_user_navigates_to_my_account_page_by_passing_email_and_password_with_excel_data(LoginSteps.java:113)
	at âœ½.the user should be redirected to the MyAccount Page by passing email and password with excel row "3"(file:///D:/projects/opencart_cucumber/./Features/LoginDDTExcel.feature:5)


    Embedding Login Data Driven Excel [image/png 112327 bytes]

]]></system-out>
  </testcase>
  <testcase name="Login Data Driven Excel #4" classname="Login Data Driven with Excel" time="15.727">
    <system-out><![CDATA[
Scenario Outline: Login Data Driven Excel                                                                   # Features/LoginDDTExcel.feature:12
  Given the user navigates to login page                                                                    # stepDefinitions.LoginSteps.user_navigate_to_login_page()
target page: false
  Then the user should be redirected to the MyAccount Page by passing email and password with excel row "4" # stepDefinitions.LoginSteps.check_user_navigates_to_my_account_page_by_passing_email_and_password_with_excel_data(java.lang.String)
]]></system-out>
  </testcase>
  <testcase name="Login Data Driven Excel #5" classname="Login Data Driven with Excel" time="14.278">
    <failure type="java.lang.AssertionError"><![CDATA[java.lang.AssertionError
	at org.junit.Assert.fail(Assert.java:87)
	at org.junit.Assert.fail(Assert.java:96)
	at stepDefinitions.LoginSteps.check_user_navigates_to_my_account_page_by_passing_email_and_password_with_excel_data(LoginSteps.java:104)
	at ✽.the user should be redirected to the MyAccount Page by passing email and password with excel row "5"(file:///D:/projects/opencart_cucumber/./Features/LoginDDTExcel.feature:5)
]]></failure>
    <system-out><![CDATA[
Scenario Outline: Login Data Driven Excel                                                                   # Features/LoginDDTExcel.feature:13
  Given the user navigates to login page                                                                    # stepDefinitions.LoginSteps.user_navigate_to_login_page()
target page: false
  Then the user should be redirected to the MyAccount Page by passing email and password with excel row "5" # stepDefinitions.LoginSteps.check_user_navigates_to_my_account_page_by_passing_email_and_password_with_excel_data(java.lang.String)
      java.lang.AssertionError
	at org.junit.Assert.fail(Assert.java:87)
	at org.junit.Assert.fail(Assert.java:96)
	at stepDefinitions.LoginSteps.check_user_navigates_to_my_account_page_by_passing_email_and_password_with_excel_data(LoginSteps.java:104)
	at âœ½.the user should be redirected to the MyAccount Page by passing email and password with excel row "5"(file:///D:/projects/opencart_cucumber/./Features/LoginDDTExcel.feature:5)


    Embedding Login Data Driven Excel [image/png 132242 bytes]

]]></system-out>
  </testcase>
  <testcase name="Login Data Driven Excel #6" classname="Login Data Driven with Excel" time="4.894">
    <system-out><![CDATA[
Scenario Outline: Login Data Driven Excel                                                                   # Features/LoginDDTExcel.feature:14
  Given the user navigates to login page                                                                    # stepDefinitions.LoginSteps.user_navigate_to_login_page()
target page: true
  Then the user should be redirected to the MyAccount Page by passing email and password with excel row "6" # stepDefinitions.LoginSteps.check_user_navigates_to_my_account_page_by_passing_email_and_password_with_excel_data(java.lang.String)
]]></system-out>
  </testcase>
</testsuite>